1499420829310	geckodriver	INFO	Listening on 127.0.0.1:54652
1499420831450	geckodriver::marionette	INFO	Starting browser C:\Program Files (x86)\Mozilla Firefox\firefox.exe with args ["-marionette"]
1499420834291	Marionette	INFO	Listening on port 54658
1499420834758	Marionette	WARN	TLS certificate errors will be ignored for this session
[Child 2244] WARNING: pipe error: 109: file c:/builds/moz2_slave/m-esr52-w32-000000000000000000/build/src/ipc/chromium/src/chrome/common/ipc_channel_win.cc, line 345
[Child 2244] WARNING: pipe error: 109: file c:/builds/moz2_slave/m-esr52-w32-000000000000000000/build/src/ipc/chromium/src/chrome/common/ipc_channel_win.cc, line 345
1499420855983	geckodriver	INFO	Listening on 127.0.0.1:54685
1499420858123	geckodriver::marionette	INFO	Starting browser C:\Program Files (x86)\Mozilla Firefox\firefox.exe with args ["-marionette"]
1499420860989	Marionette	INFO	Listening on port 54691
1499420861453	Marionette	WARN	TLS certificate errors will be ignored for this session
1499420924219	addons.productaddons	WARN	Failed downloading via XHR, status: 0, reason: error
*************************
A coding exception was thrown and uncaught in a Task.

Full message: TypeError: NetworkError when attempting to fetch resource.
Full stack: 
*************************
[Child 11048] WARNING: pipe error: 109: file c:/builds/moz2_slave/m-esr52-w32-000000000000000000/build/src/ipc/chromium/src/chrome/common/ipc_channel_win.cc, line 345
ing browser C:\Program Files (x86)\Mozilla Firefox\firefox.exe with args ["-marionette"]
1499421696845	Marionette	INFO	Listening on port 59702
1499421697309	Marionette	WARN	TLS certificate errors will be ignored for this session
[Child 9232] WARNING: pipe error: 109: file c:/builds/moz2_slave/m-esr52-w32-000000000000000000/build/src/ipc/chromium/src/chrome/common/ipc_channel_win.cc, line 345
1499422177619	geckodriver	INFO	Listening on 127.0.0.1:59861
1499422179760	geckodriver::marionette	INFO	Starting browser C:\Program Files (x86)\Mozilla Firefox\firefox.exe with args ["-marionette"]
1499422182597	Marionette	INFO	Listening on port 59869
1499422183059	Marionette	WARN	TLS certificate errors will be ignored for this session
1499423878301	geckodriver	INFO	Listening on 127.0.0.1:60170
1499423880473	geckodriver::marionette	INFO	Starting browser C:\Program Files (x86)\Mozilla Firefox\firefox.exe with args ["-marionette"]
1499423883399	Marionette	INFO	Listening on port 60176
1499423883954	Marionette	WARN	TLS certificate errors will be ignored for this session
1499424210957	geckodriver	INFO	Listening on 127.0.0.1:60446
1499424213160	geckodriver::marionette	INFO	Starting browser C:\Program Files (x86)\Mozilla Firefox\firefox.exe with args ["-marionette"]
1499424216440	Marionette	INFO	Listening on port 60452
1499424217108	Marionette	WARN	TLS certificate errors will be ignored for this session
[Child 1760] WARNING: pipe error: 109: file c:/builds/moz2_slave/m-esr52-w32-000000000000000000/build/src/ipc/chromium/src/chrome/common/ipc_channel_win.cc, line 345
[Child 1760] WARNING: pipe error: 109: file c:/builds/moz2_slave/m-esr52-w32-000000000000000000/build/src/ipc/chromium/src/chrome/common/ipc_channel_win.cc, line 345
1499424240776	geckodriver	INFO	Listening on 127.0.0.1:60481
1499424242948	geckodriver::marionette	INFO	Starting browser C:\Program Files (x86)\Mozilla Firefox\firefox.exe with args ["-marionette"]
1499424245928	Marionette	INFO	Listening on port 60487
1499424246380	Marionette	WARN	TLS certificate errors will be ignored for this session
[Child 6012] WARNING: pipe error: 109: file c:/builds/moz2_slave/m-esr52-w32-000000000000000000/build/src/ipc/chromium/src/chrome/common/ipc_channel_win.cc, line 345
1499424262483	geckodriver	INFO	Listening on 127.0.0.1:60510
1499424264655	geckodriver::marionette	INFO	Starting browser C:\Program Files (x86)\Mozilla Firefox\firefox.exe with args ["-marionette"]
1499424267473	Marionette	INFO	Listening on port 60516
1499424267925	Marionette	WARN	TLS certificate errors will be ignored for this session
[Child 1112] WARNING: pipe error: 109: file c:/builds/moz2_slave/m-esr52-w32-000000000000000000/build/src/ipc/chromium/src/chrome/common/ipc_channel_win.cc, line 345
[Child 1112] WARNING: pipe error: 109: file c:/builds/moz2_slave/m-esr52-w32-000000000000000000/build/src/ipc/chromium/src/chrome/common/ipc_channel_win.cc, line 345
1499424280699	geckodriver	INFO	Listening on 127.0.0.1:60538
1499424282870	geckodriver::marionette	INFO	Starting browser C:\Program Files (x86)\Mozilla Firefox\firefox.exe with args ["-marionette"]
1499424285696	Marionette	INFO	Listening on port 60544
1499424286159	Marionette	WARN	TLS certificate errors will be ignored for this session
1499424323177	geckodriver	INFO	Listening on 127.0.0.1:60570
1499424325349	geckodriver::marionette	INFO	Starting browser C:\Program Files (x86)\Mozilla Firefox\firefox.exe with args ["-marionette"]
1499424328183	Marionette	INFO	Listening on port 60577
1499424328804	Marionette	WARN	TLS certificate errors will be ignored for this session
1499424473004	geckodriver	INFO	Listening on 127.0.0.1:60766
1499424475176	geckodriver::marionette	INFO	Starting browser C:\Program Files (x86)\Mozilla Firefox\firefox.exe with args ["-marionette"]
1499424478012	Marionette	INFO	Listening on port 60772
1499424478472	Marionette	WARN	TLS certificate errors will be ignored for this session
JavaScript error: https://googleads.g.doubleclick.net/pagead/ads?client=ca-pub-7551344248591708&format=728x90&output=html&h=90&slotname=2424420470&adk=343609417&adf=625075577&w=728&lmt=1499424503&loeid=21060539&flash=0&url=https%3A%2F%2Fwvw.igame.com%2FET.php%3Fun%3D%26cy%3DPL%26fv%3D1%26e1%3DXXX%7C%7C44%7C83%7C37%7C%26e2%3Ddab067cee57574f5cb8d048cf575450f603af12a7273&wgl=1&dt=1499424503117&bpp=26&bdt=20107&fdt=64&idt=307&shv=r20170629&cbv=r20170110&saldr=aa&correlator=7550733913118&frm=22&ga_vid=835268052.1499424483&ga_sid=1499424503&ga_hid=1203112074&ga_fc=0&pv=2&icsg=2&nhd=2&dssz=2&mdo=0&mso=0&u_tz=120&u_his=1&u_java=0&u_h=900&u_w=1600&u_ah=860&u_aw=1600&u_cd=24&u_nplug=3&u_nmime=16&adx=292&ady=15&biw=-12245933&bih=-12245933&isw=1251&ish=1100&ifk=3067878897&eid=137237720%2C21060590&oid=3&top=https%3A%2F%2Fwww.igame.com%2Feye-test%2F&rx=0&eae=0&brdim=%2C%2C4%2C4%2C1600%2C0%2C1280%2C774%2C1251%2C1100&vis=1&rsz=%7C%7CaeE%7C&abl=CA&ppjl=f&pfx=0&fu=16&bc=1&ifi=1&xpc=PemKVsWf4L&p=https%3A//wvw.igame.com&dtd=417, line 1: ReferenceError: buildAdSlot is not defined
JavaScript error: https://googleads.g.doubleclick.net/pagead/ads?client=ca-pub-7551344248591708&format=728x90&output=html&h=90&slotname=2424420470&adk=343609417&adf=625075577&w=728&lmt=1499424503&loeid=21060539&flash=0&url=https%3A%2F%2Fwvw.igame.com%2FET.php%3Fun%3D%26cy%3DPL%26fv%3D1%26e1%3DXXX%7C%7C44%7C83%7C37%7C%26e2%3Ddab067cee57574f5cb8d048cf575450f603af12a7273&wgl=1&dt=1499424503117&bpp=26&bdt=20107&fdt=64&idt=307&shv=r20170629&cbv=r20170110&saldr=aa&correlator=7550733913118&frm=22&ga_vid=835268052.1499424483&ga_sid=1499424503&ga_hid=1203112074&ga_fc=0&pv=2&icsg=2&nhd=2&dssz=2&mdo=0&mso=0&u_tz=120&u_his=1&u_java=0&u_h=900&u_w=1600&u_ah=860&u_aw=1600&u_cd=24&u_nplug=3&u_nmime=16&adx=292&ady=15&biw=-12245933&bih=-12245933&isw=1251&ish=1100&ifk=3067878897&eid=137237720%2C21060590&oid=3&top=https%3A%2F%2Fwww.igame.com%2Feye-test%2F&rx=0&eae=0&brdim=%2C%2C4%2C4%2C1600%2C0%2C1280%2C774%2C1251%2C1100&vis=1&rsz=%7C%7CaeE%7C&abl=CA&ppjl=f&pfx=0&fu=16&bc=1&ifi=1&xpc=PemKVsWf4L&p=https%3A//wvw.igame.com&dtd=417, line 1: TypeError: _.v is not a function
JavaScript error: https://googleads.g.doubleclick.net/pagead/ads?client=ca-pub-7551344248591708&format=728x90&output=html&h=90&slotname=2424420470&adk=343609417&adf=625075577&w=728&lmt=1499424503&loeid=21060539&flash=0&url=https%3A%2F%2Fwvw.igame.com%2FET.php%3Fun%3D%26cy%3DPL%26fv%3D1%26e1%3DXXX%7C%7C44%7C83%7C37%7C%26e2%3Ddab067cee57574f5cb8d048cf575450f603af12a7273&wgl=1&dt=1499424503117&bpp=26&bdt=20107&fdt=64&idt=307&shv=r20170629&cbv=r20170110&saldr=aa&correlator=7550733913118&frm=22&ga_vid=835268052.1499424483&ga_sid=1499424503&ga_hid=1203112074&ga_fc=0&pv=2&icsg=2&nhd=2&dssz=2&mdo=0&mso=0&u_tz=120&u_his=1&u_java=0&u_h=900&u_w=1600&u_ah=860&u_aw=1600&u_cd=24&u_nplug=3&u_nmime=16&adx=292&ady=15&biw=-12245933&bih=-12245933&isw=1251&ish=1100&ifk=3067878897&eid=137237720%2C21060590&oid=3&top=https%3A%2F%2Fwww.igame.com%2Feye-test%2F&rx=0&eae=0&brdim=%2C%2C4%2C4%2C1600%2C0%2C1280%2C774%2C1251%2C1100&vis=1&rsz=%7C%7CaeE%7C&abl=CA&ppjl=f&pfx=0&fu=16&bc=1&ifi=1&xpc=PemKVsWf4L&p=https%3A//wvw.igame.com&dtd=417, line 1: TypeError: _.v is not a function
JavaScript error: https://googleads.g.doubleclick.net/pagead/ads?client=ca-pub-7551344248591708&format=728x90&output=html&h=90&slotname=2424420470&adk=343609417&adf=625075577&w=728&lmt=1499424503&loeid=21060539&flash=0&url=https%3A%2F%2Fwvw.igame.com%2FET.php%3Fun%3D%26cy%3DPL%26fv%3D1%26e1%3DXXX%7C%7C44%7C83%7C37%7C%26e2%3Ddab067cee57574f5cb8d048cf575450f603af12a7273&wgl=1&dt=1499424503117&bpp=26&bdt=20107&fdt=64&idt=307&shv=r20170629&cbv=r20170110&saldr=aa&correlator=7550733913118&frm=22&ga_vid=835268052.1499424483&ga_sid=1499424503&ga_hid=1203112074&ga_fc=0&pv=2&icsg=2&nhd=2&dssz=2&mdo=0&mso=0&u_tz=120&u_his=1&u_java=0&u_h=900&u_w=1600&u_ah=860&u_aw=1600&u_cd=24&u_nplug=3&u_nmime=16&adx=292&ady=15&biw=-12245933&bih=-12245933&isw=1251&ish=1100&ifk=3067878897&eid=137237720%2C21060590&oid=3&top=https%3A%2F%2Fwww.igame.com%2Feye-test%2F&rx=0&eae=0&brdim=%2C%2C4%2C4%2C1600%2C0%2C1280%2C774%2C1251%2C1100&vis=1&rsz=%7C%7CaeE%7C&abl=CA&ppjl=f&pfx=0&fu=16&bc=1&ifi=1&xpc=PemKVsWf4L&p=https%3A//wvw.igame.com&dtd=417, line 1: ReferenceError: buildTextAd is not defined
JavaScript error: https://googleads.g.doubleclick.net/pagead/ads?client=ca-pub-7551344248591708&format=728x90&output=html&h=90&slotname=2424420470&adk=343609417&adf=625075577&w=728&lmt=1499424503&loeid=21060539&flash=0&url=https%3A%2F%2Fwvw.igame.com%2FET.php%3Fun%3D%26cy%3DPL%26fv%3D1%26e1%3DXXX%7C%7C44%7C83%7C37%7C%26e2%3Ddab067cee57574f5cb8d048cf575450f603af12a7273&wgl=1&dt=1499424503117&bpp=26&bdt=20107&fdt=64&idt=307&shv=r20170629&cbv=r20170110&saldr=aa&correlator=7550733913118&frm=22&ga_vid=835268052.1499424483&ga_sid=1499424503&ga_hid=1203112074&ga_fc=0&pv=2&icsg=2&nhd=2&dssz=2&mdo=0&mso=0&u_tz=120&u_his=1&u_java=0&u_h=900&u_w=1600&u_ah=860&u_aw=1600&u_cd=24&u_nplug=3&u_nmime=16&adx=292&ady=15&biw=-12245933&bih=-12245933&isw=1251&ish=1100&ifk=3067878897&eid=137237720%2C21060590&oid=3&top=https%3A%2F%2Fwww.igame.com%2Feye-test%2F&rx=0&eae=0&brdim=%2C%2C4%2C4%2C1600%2C0%2C1280%2C774%2C1251%2C1100&vis=1&rsz=%7C%7CaeE%7C&abl=CA&ppjl=f&pfx=0&fu=16&bc=1&ifi=1&xpc=PemKVsWf4L&p=https%3A//wvw.igame.com&dtd=417, line 1: ReferenceError: osdlfm is not defined
JavaScript error: https://googleads.g.doubleclick.net/pagead/ads?client=ca-pub-7551344248591708&format=728x90&output=html&h=90&slotname=2424420470&adk=343609417&adf=625075577&w=728&lmt=1499424503&loeid=21060539&flash=0&url=https%3A%2F%2Fwvw.igame.com%2FET.php%3Fun%3D%26cy%3DPL%26fv%3D1%26e1%3DXXX%7C%7C44%7C83%7C37%7C%26e2%3Ddab067cee57574f5cb8d048cf575450f603af12a7273&wgl=1&dt=1499424503117&bpp=26&bdt=20107&fdt=64&idt=307&shv=r20170629&cbv=r20170110&saldr=aa&correlator=7550733913118&frm=22&ga_vid=835268052.1499424483&ga_sid=1499424503&ga_hid=1203112074&ga_fc=0&pv=2&icsg=2&nhd=2&dssz=2&mdo=0&mso=0&u_tz=120&u_his=1&u_java=0&u_h=900&u_w=1600&u_ah=860&u_aw=1600&u_cd=24&u_nplug=3&u_nmime=16&adx=292&ady=15&biw=-12245933&bih=-12245933&isw=1251&ish=1100&ifk=3067878897&eid=137237720%2C21060590&oid=3&top=https%3A%2F%2Fwww.igame.com%2Feye-test%2F&rx=0&eae=0&brdim=%2C%2C4%2C4%2C1600%2C0%2C1280%2C774%2C1251%2C1100&vis=1&rsz=%7C%7CaeE%7C&abl=CA&ppjl=f&pfx=0&fu=16&bc=1&ifi=1&xpc=PemKVsWf4L&p=https%3A//wvw.igame.com&dtd=417, line 1: ReferenceError: adSlot is not defined
[Child 5312] WARNING: pipe error: 109: file c:/builds/moz2_slave/m-esr52-w32-000000000000000000/build/src/ipc/chromium/src/chrome/common/ipc_channel_win.cc, line 345
1499424570517	geckodriver	INFO	Listening on 127.0.0.1:60966
1499424572720	geckodriver::marionette	INFO	Starting browser C:\Program Files (x86)\Mozilla Firefox\firefox.exe with args ["-marionette"]
1499424575754	Marionette	INFO	Listening on port 60972
1499424576217	Marionette	WARN	TLS certificate errors will be ignored for this session
JavaScript error: https://googleads.g.doubleclick.net/pagead/ads?client=ca-pub-7551344248591708&format=728x90&output=html&h=90&slotname=2424420470&adk=343609417&adf=625075577&w=728&lmt=1499424601&flash=0&url=https%3A%2F%2Fwvw.igame.com%2FET.php%3Fun%3D%26cy%3DPL%26fv%3D1%26e1%3DXXX%7C%7C32%7C69%7C80%7C%26e2%3D16eccf2221ccea82e6ce1d0a46771d9a7917a51712f4&wgl=1&dt=1499424601546&bpp=32&bdt=20565&fdt=80&idt=330&shv=r20170629&cbv=r20170110&saldr=aa&correlator=328870250115&frm=22&ga_vid=1978345969.1499424581&ga_sid=1499424602&ga_hid=1951040918&ga_fc=0&pv=2&icsg=2&nhd=2&dssz=2&mdo=0&mso=0&u_tz=120&u_his=1&u_java=0&u_h=900&u_w=1600&u_ah=860&u_aw=1600&u_cd=24&u_nplug=3&u_nmime=16&adx=292&ady=15&biw=-12245933&bih=-12245933&isw=1251&ish=1100&ifk=1368903502&eid=137237720&oid=3&top=https%3A%2F%2Fwww.igame.com%2Feye-test%2F&rx=0&eae=0&brdim=%2C%2C4%2C4%2C1600%2C0%2C1280%2C774%2C1251%2C1100&vis=1&rsz=%7C%7CaeE%7C&abl=CA&ppjl=f&pfx=0&fu=16&bc=1&ifi=1&xpc=kKtVwfoYVJ&p=https%3A//wvw.igame.com&dtd=407, line 1: ReferenceError: buildAdSlot is not defined
JavaScript error: https://googleads.g.doubleclick.net/pagead/ads?client=ca-pub-7551344248591708&format=728x90&output=html&h=90&slotname=2424420470&adk=343609417&adf=625075577&w=728&lmt=1499424601&flash=0&url=https%3A%2F%2Fwvw.igame.com%2FET.php%3Fun%3D%26cy%3DPL%26fv%3D1%26e1%3DXXX%7C%7C32%7C69%7C80%7C%26e2%3D16eccf2221ccea82e6ce1d0a46771d9a7917a51712f4&wgl=1&dt=1499424601546&bpp=32&bdt=20565&fdt=80&idt=330&shv=r20170629&cbv=r20170110&saldr=aa&correlator=328870250115&frm=22&ga_vid=1978345969.1499424581&ga_sid=1499424602&ga_hid=1951040918&ga_fc=0&pv=2&icsg=2&nhd=2&dssz=2&mdo=0&mso=0&u_tz=120&u_his=1&u_java=0&u_h=900&u_w=1600&u_ah=860&u_aw=1600&u_cd=24&u_nplug=3&u_nmime=16&adx=292&ady=15&biw=-12245933&bih=-12245933&isw=1251&ish=1100&ifk=1368903502&eid=137237720&oid=3&top=https%3A%2F%2Fwww.igame.com%2Feye-test%2F&rx=0&eae=0&brdim=%2C%2C4%2C4%2C1600%2C0%2C1280%2C774%2C1251%2C1100&vis=1&rsz=%7C%7CaeE%7C&abl=CA&ppjl=f&pfx=0&fu=16&bc=1&ifi=1&xpc=kKtVwfoYVJ&p=https%3A//wvw.igame.com&dtd=407, line 1: TypeError: _.v is not a function
JavaScript error: https://googleads.g.doubleclick.net/pagead/ads?client=ca-pub-7551344248591708&format=728x90&output=html&h=90&slotname=2424420470&adk=343609417&adf=625075577&w=728&lmt=1499424601&flash=0&url=https%3A%2F%2Fwvw.igame.com%2FET.php%3Fun%3D%26cy%3DPL%26fv%3D1%26e1%3DXXX%7C%7C32%7C69%7C80%7C%26e2%3D16eccf2221ccea82e6ce1d0a46771d9a7917a51712f4&wgl=1&dt=1499424601546&bpp=32&bdt=20565&fdt=80&idt=330&shv=r20170629&cbv=r20170110&saldr=aa&correlator=328870250115&frm=22&ga_vid=1978345969.1499424581&ga_sid=1499424602&ga_hid=1951040918&ga_fc=0&pv=2&icsg=2&nhd=2&dssz=2&mdo=0&mso=0&u_tz=120&u_his=1&u_java=0&u_h=900&u_w=1600&u_ah=860&u_aw=1600&u_cd=24&u_nplug=3&u_nmime=16&adx=292&ady=15&biw=-12245933&bih=-12245933&isw=1251&ish=1100&ifk=1368903502&eid=137237720&oid=3&top=https%3A%2F%2Fwww.igame.com%2Feye-test%2F&rx=0&eae=0&brdim=%2C%2C4%2C4%2C1600%2C0%2C1280%2C774%2C1251%2C1100&vis=1&rsz=%7C%7CaeE%7C&abl=CA&ppjl=f&pfx=0&fu=16&bc=1&ifi=1&xpc=kKtVwfoYVJ&p=https%3A//wvw.igame.com&dtd=407, line 1: TypeError: _.v is not a function
JavaScript error: https://googleads.g.doubleclick.net/pagead/ads?client=ca-pub-7551344248591708&format=728x90&output=html&h=90&slotname=2424420470&adk=343609417&adf=625075577&w=728&lmt=1499424601&flash=0&url=https%3A%2F%2Fwvw.igame.com%2FET.php%3Fun%3D%26cy%3DPL%26fv%3D1%26e1%3DXXX%7C%7C32%7C69%7C80%7C%26e2%3D16eccf2221ccea82e6ce1d0a46771d9a7917a51712f4&wgl=1&dt=1499424601546&bpp=32&bdt=20565&fdt=80&idt=330&shv=r20170629&cbv=r20170110&saldr=aa&correlator=328870250115&frm=22&ga_vid=1978345969.1499424581&ga_sid=1499424602&ga_hid=1951040918&ga_fc=0&pv=2&icsg=2&nhd=2&dssz=2&mdo=0&mso=0&u_tz=120&u_his=1&u_java=0&u_h=900&u_w=1600&u_ah=860&u_aw=1600&u_cd=24&u_nplug=3&u_nmime=16&adx=292&ady=15&biw=-12245933&bih=-12245933&isw=1251&ish=1100&ifk=1368903502&eid=137237720&oid=3&top=https%3A%2F%2Fwww.igame.com%2Feye-test%2F&rx=0&eae=0&brdim=%2C%2C4%2C4%2C1600%2C0%2C1280%2C774%2C1251%2C1100&vis=1&rsz=%7C%7CaeE%7C&abl=CA&ppjl=f&pfx=0&fu=16&bc=1&ifi=1&xpc=kKtVwfoYVJ&p=https%3A//wvw.igame.com&dtd=407, line 1: ReferenceError: buildTextAd is not defined
JavaScript error: https://googleads.g.doubleclick.net/pagead/ads?client=ca-pub-7551344248591708&format=728x90&output=html&h=90&slotname=2424420470&adk=343609417&adf=625075577&w=728&lmt=1499424601&flash=0&url=https%3A%2F%2Fwvw.igame.com%2FET.php%3Fun%3D%26cy%3DPL%26fv%3D1%26e1%3DXXX%7C%7C32%7C69%7C80%7C%26e2%3D16eccf2221ccea82e6ce1d0a46771d9a7917a51712f4&wgl=1&dt=1499424601546&bpp=32&bdt=20565&fdt=80&idt=330&shv=r20170629&cbv=r20170110&saldr=aa&correlator=328870250115&frm=22&ga_vid=1978345969.1499424581&ga_sid=1499424602&ga_hid=1951040918&ga_fc=0&pv=2&icsg=2&nhd=2&dssz=2&mdo=0&mso=0&u_tz=120&u_his=1&u_java=0&u_h=900&u_w=1600&u_ah=860&u_aw=1600&u_cd=24&u_nplug=3&u_nmime=16&adx=292&ady=15&biw=-12245933&bih=-12245933&isw=1251&ish=1100&ifk=1368903502&eid=137237720&oid=3&top=https%3A%2F%2Fwww.igame.com%2Feye-test%2F&rx=0&eae=0&brdim=%2C%2C4%2C4%2C1600%2C0%2C1280%2C774%2C1251%2C1100&vis=1&rsz=%7C%7CaeE%7C&abl=CA&ppjl=f&pfx=0&fu=16&bc=1&ifi=1&xpc=kKtVwfoYVJ&p=https%3A//wvw.igame.com&dtd=407, line 1: ReferenceError: osdlfm is not defined
JavaScript error: https://googleads.g.doubleclick.net/pagead/ads?client=ca-pub-7551344248591708&format=728x90&output=html&h=90&slotname=2424420470&adk=343609417&adf=625075577&w=728&lmt=1499424601&flash=0&url=https%3A%2F%2Fwvw.igame.com%2FET.php%3Fun%3D%26cy%3DPL%26fv%3D1%26e1%3DXXX%7C%7C32%7C69%7C80%7C%26e2%3D16eccf2221ccea82e6ce1d0a46771d9a7917a51712f4&wgl=1&dt=1499424601546&bpp=32&bdt=20565&fdt=80&idt=330&shv=r20170629&cbv=r20170110&saldr=aa&correlator=328870250115&frm=22&ga_vid=1978345969.1499424581&ga_sid=1499424602&ga_hid=1951040918&ga_fc=0&pv=2&icsg=2&nhd=2&dssz=2&mdo=0&mso=0&u_tz=120&u_his=1&u_java=0&u_h=900&u_w=1600&u_ah=860&u_aw=1600&u_cd=24&u_nplug=3&u_nmime=16&adx=292&ady=15&biw=-12245933&bih=-12245933&isw=1251&ish=1100&ifk=1368903502&eid=137237720&oid=3&top=https%3A%2F%2Fwww.igame.com%2Feye-test%2F&rx=0&eae=0&brdim=%2C%2C4%2C4%2C1600%2C0%2C1280%2C774%2C1251%2C1100&vis=1&rsz=%7C%7CaeE%7C&abl=CA&ppjl=f&pfx=0&fu=16&bc=1&ifi=1&xpc=kKtVwfoYVJ&p=https%3A//wvw.igame.com&dtd=407, line 1: ReferenceError: adSlot is not defined
[Child 7956] WARNING: pipe error: 109: file c:/builds/moz2_slave/m-esr52-w32-000000000000000000/build/src/ipc/chromium/src/chrome/common/ipc_channel_win.cc, line 345
1499425450164	geckodriver	INFO	Listening on 127.0.0.1:58465
1499425452336	geckodriver::marionette	INFO	Starting browser C:\Program Files (x86)\Mozilla Firefox\firefox.exe with args ["-marionette"]
1499425455177	Marionette	INFO	Listening on port 58472
1499425455650	Marionette	WARN	TLS certificate errors will be ignored for this session
JavaScript error: https://wvw.igame.com/ET.php?un=&cy=PL&fv=1&e1=XXX||95|42|84|85.119.122.65:6080/php/urlblock.php?vsys=1&cat=10&e2=30dd2682f46e322fd8845ff229565645ba2c1a7fb461, line 48: ReferenceError: ColorTestReset is not defined
[Child 6408] WARNING: pipe error: 109: file c:/builds/moz2_slave/m-esr52-w32-000000000000000000/build/src/ipc/chromium/src/chrome/common/ipc_channel_win.cc, line 345
[Child 6408] WARNING: pipe error: 109: file c:/builds/moz2_slave/m-esr52-w32-000000000000000000/build/src/ipc/chromium/src/chrome/common/ipc_channel_win.cc, line 345
1499425580299	geckodriver	INFO	Listening on 127.0.0.1:58562
1499425582471	geckodriver::marionette	INFO	Starting browser C:\Program Files (x86)\Mozilla Firefox\firefox.exe with args ["-marionette"]
1499425584840	Marionette	INFO	Listening on port 58568
1499425585756	Marionette	WARN	TLS certificate errors will be ignored for this session
[Child 2604] WARNING: pipe error: 109: file c:/builds/moz2_slave/m-esr52-w32-000000000000000000/build/src/ipc/chromium/src/chrome/common/ipc_channel_win.cc, line 345
